<?xml version="1.0" encoding="UTF-8"?>
<!-- Generated by org.testng.reporters.JUnitXMLReporter -->
<testsuite ignored="3" hostname="INHYNMKORUKON01" failures="1" tests="2" name="Test" time="49.851" errors="0" timestamp="2022-04-19T19:21:23 IST">
  <testcase classname="tests.UnattachedExpense" name="@AfterTest teardown" time="0.001">
    <failure type="java.lang.NullPointerException" message="Cannot invoke &amp;quot;io.appium.java_client.AppiumDriver.quit()&amp;quot; because &amp;quot;this.driver&amp;quot; is null">
      <![CDATA[java.lang.NullPointerException: Cannot invoke "io.appium.java_client.AppiumDriver.quit()" because "this.driver" is null
at tests.UnattachedExpense.teardown(UnattachedExpense.java:80)
... Removed 24 stack frames]]>
    </failure>
  </testcase> <!-- @AfterTest teardown -->
  <testcase classname="tests.LogInLogOut" name="dotest" time="33.342"/>
  <testcase classname="tests.UnattachedExpense" name="dotest" time="5.004">
    <failure type="java.lang.NullPointerException" message="Cannot invoke &amp;quot;io.appium.java_client.AppiumDriver.findElement(org.openqa.selenium.By)&amp;quot; because &amp;quot;this.driver&amp;quot; is null">
      <![CDATA[java.lang.NullPointerException: Cannot invoke "io.appium.java_client.AppiumDriver.findElement(org.openqa.selenium.By)" because "this.driver" is null
at tests.UnattachedExpense.dotest(UnattachedExpense.java:19)
at java.base/java.util.ArrayList.forEach(ArrayList.java:1511)
... Removed 27 stack frames]]>
    </failure>
  </testcase> <!-- dotest -->
  <testcase classname="tests.ExtentReportsXM" name="@BeforeSuite reportSetup" time="0.0">
    <ignored/>
  </testcase> <!-- @BeforeSuite reportSetup -->
  <testcase classname="tests.BaseClass" name="@BeforeTest setup" time="0.0">
    <ignored/>
  </testcase> <!-- @BeforeTest setup -->
  <testcase classname="tests.ExtentReportsXM" name="@AfterSuite reportTeardown" time="0.0">
    <ignored/>
  </testcase> <!-- @AfterSuite reportTeardown -->
</testsuite> <!-- Test -->
