<?xml version="1.0" encoding="UTF-8"?>
<testng-results skipped="0" failed="1" ignored="0" total="5" passed="4">
  <reporter-output>
  </reporter-output>
  <suite name="Suite" duration-ms="190516" started-at="2023-11-09T16:15:18 IST" finished-at="2023-11-09T16:18:28 IST">
    <groups>
    </groups>
    <test name="BStackDemo 1-2" duration-ms="73771" started-at="2023-11-09T16:15:18 IST" finished-at="2023-11-09T16:16:32 IST">
      <class name="tests.CreateExpense">
        <test-method status="PASS" signature="setup()[pri:0, instance:tests.CreateExpense@e077866]" name="setup" is-config="true" duration-ms="25994" started-at="2023-11-09T16:15:18 IST" finished-at="2023-11-09T16:15:44 IST">
          <reporter-output>
          </reporter-output>
        </test-method> <!-- setup -->
        <test-method status="PASS" signature="dotest()[pri:0, instance:tests.CreateExpense@e077866]" name="dotest" duration-ms="46098" started-at="2023-11-09T16:15:44 IST" finished-at="2023-11-09T16:16:30 IST">
          <reporter-output>
          </reporter-output>
        </test-method> <!-- dotest -->
        <test-method status="PASS" signature="teardown()[pri:0, instance:tests.CreateExpense@e077866]" name="teardown" is-config="true" duration-ms="1471" started-at="2023-11-09T16:16:30 IST" finished-at="2023-11-09T16:16:32 IST">
          <reporter-output>
          </reporter-output>
        </test-method> <!-- teardown -->
      </class> <!-- tests.CreateExpense -->
    </test> <!-- BStackDemo 1-2 -->
    <test name="BStackDemo 1-0" duration-ms="77096" started-at="2023-11-09T16:15:18 IST" finished-at="2023-11-09T16:16:35 IST">
      <class name="tests.CreateExpense">
        <test-method status="PASS" signature="setup()[pri:0, instance:tests.CreateExpense@63b1d4fa]" name="setup" is-config="true" duration-ms="25698" started-at="2023-11-09T16:15:18 IST" finished-at="2023-11-09T16:15:44 IST">
          <reporter-output>
          </reporter-output>
        </test-method> <!-- setup -->
        <test-method status="PASS" signature="dotest()[pri:0, instance:tests.CreateExpense@63b1d4fa]" name="dotest" duration-ms="49546" started-at="2023-11-09T16:15:44 IST" finished-at="2023-11-09T16:16:33 IST">
          <reporter-output>
          </reporter-output>
        </test-method> <!-- dotest -->
        <test-method status="PASS" signature="teardown()[pri:0, instance:tests.CreateExpense@63b1d4fa]" name="teardown" is-config="true" duration-ms="1585" started-at="2023-11-09T16:16:33 IST" finished-at="2023-11-09T16:16:35 IST">
          <reporter-output>
          </reporter-output>
        </test-method> <!-- teardown -->
      </class> <!-- tests.CreateExpense -->
    </test> <!-- BStackDemo 1-0 -->
    <test name="BStackDemo 1-1" duration-ms="77483" started-at="2023-11-09T16:15:18 IST" finished-at="2023-11-09T16:16:35 IST">
      <class name="tests.CreateExpense">
        <test-method status="PASS" signature="setup()[pri:0, instance:tests.CreateExpense@726e5805]" name="setup" is-config="true" duration-ms="28058" started-at="2023-11-09T16:15:18 IST" finished-at="2023-11-09T16:15:46 IST">
          <reporter-output>
          </reporter-output>
        </test-method> <!-- setup -->
        <test-method status="PASS" signature="dotest()[pri:0, instance:tests.CreateExpense@726e5805]" name="dotest" duration-ms="47463" started-at="2023-11-09T16:15:46 IST" finished-at="2023-11-09T16:16:33 IST">
          <reporter-output>
          </reporter-output>
        </test-method> <!-- dotest -->
        <test-method status="PASS" signature="teardown()[pri:0, instance:tests.CreateExpense@726e5805]" name="teardown" is-config="true" duration-ms="1527" started-at="2023-11-09T16:16:34 IST" finished-at="2023-11-09T16:16:35 IST">
          <reporter-output>
          </reporter-output>
        </test-method> <!-- teardown -->
      </class> <!-- tests.CreateExpense -->
    </test> <!-- BStackDemo 1-1 -->
    <test name="BStackDemo 1-4" duration-ms="113839" started-at="2023-11-09T16:15:18 IST" finished-at="2023-11-09T16:17:12 IST">
      <class name="tests.CreateExpense">
        <test-method status="PASS" signature="reportSetup()[pri:0, instance:tests.CreateExpense@2e11485]" name="reportSetup" is-config="true" duration-ms="481" started-at="2023-11-09T16:15:17 IST" finished-at="2023-11-09T16:15:18 IST">
          <reporter-output>
          </reporter-output>
        </test-method> <!-- reportSetup -->
        <test-method status="PASS" signature="setup()[pri:0, instance:tests.CreateExpense@2e11485]" name="setup" is-config="true" duration-ms="49573" started-at="2023-11-09T16:15:18 IST" finished-at="2023-11-09T16:16:07 IST">
          <reporter-output>
          </reporter-output>
        </test-method> <!-- setup -->
        <test-method status="PASS" signature="dotest()[pri:0, instance:tests.CreateExpense@2e11485]" name="dotest" duration-ms="62525" started-at="2023-11-09T16:16:07 IST" finished-at="2023-11-09T16:17:10 IST">
          <reporter-output>
          </reporter-output>
        </test-method> <!-- dotest -->
        <test-method status="PASS" signature="teardown()[pri:0, instance:tests.CreateExpense@2e11485]" name="teardown" is-config="true" duration-ms="1394" started-at="2023-11-09T16:17:10 IST" finished-at="2023-11-09T16:17:12 IST">
          <reporter-output>
          </reporter-output>
        </test-method> <!-- teardown -->
        <test-method status="PASS" signature="reportTeardown()[pri:0, instance:tests.CreateExpense@2e11485]" name="reportTeardown" is-config="true" duration-ms="453" started-at="2023-11-09T16:18:28 IST" finished-at="2023-11-09T16:18:29 IST">
          <reporter-output>
          </reporter-output>
        </test-method> <!-- reportTeardown -->
      </class> <!-- tests.CreateExpense -->
    </test> <!-- BStackDemo 1-4 -->
    <test name="BStackDemo 1-3" duration-ms="190515" started-at="2023-11-09T16:15:18 IST" finished-at="2023-11-09T16:18:28 IST">
      <class name="tests.CreateExpense">
        <test-method status="PASS" signature="setup()[pri:0, instance:tests.CreateExpense@a8e6492]" name="setup" is-config="true" duration-ms="27239" started-at="2023-11-09T16:15:18 IST" finished-at="2023-11-09T16:15:45 IST">
          <reporter-output>
          </reporter-output>
        </test-method> <!-- setup -->
        <test-method status="FAIL" signature="dotest()[pri:0, instance:tests.CreateExpense@a8e6492]" name="dotest" duration-ms="161585" started-at="2023-11-09T16:15:45 IST" finished-at="2023-11-09T16:18:27 IST">
          <exception class="org.openqa.selenium.TimeoutException">
            <message>
              <![CDATA[Expected condition failed: waiting for visibility of element located by By.id: com.infor.hl.xm.dev:id/user_profile_img (tried for 120 second(s) with 500 milliseconds interval)
Build info: version: '4.1.2', revision: '9a5a329c5a'
System info: host: 'INHYNMKORUKON01', ip: '192.168.0.103', os.name: 'Windows 10', os.arch: 'amd64', os.version: '10.0', java.version: '1.8.0_252'
Driver info: io.appium.java_client.AppiumDriver
Capabilities {appium:appActivity: com.infor.hl.xm.ui.navigati..., appium:appPackage: com.infor.hl.xm.dev, appium:automationName: uiautomator2, appium:chromedriverPort: 8083, appium:chromedriverPorts: [[18133, 18143]], appium:databaseEnabled: false, appium:desired: {appActivity: com.infor.hl.xm.ui.navigati..., appPackage: com.infor.hl.xm.dev, automationName: uiautomator2, bstack:options: {appiumVersion: 1.17.0, buildIdentifier: #67, hostName: INHYNMKORUKON01, localIdentifier: 09_11_1614_INHYNMKORUKON01_...}, chromedriverPort: 8083, chromedriverPorts: [[18133, 18143]], deviceName: Android, disableSuppressAccessibilityService: true, goog:chromeOptions: {}, nativeWebScreenshot: true, newCommandTimeout: 0, platformName: Android, skipServerInstallation: true, systemPort: 8203, udid: RZCRC0B2WHM}, appium:deviceApiLevel: 30, appium:deviceManufacturer: samsung, appium:deviceModel: SM-M326B, appium:deviceName: RZCRC0B2WHM, appium:deviceScreenDensity: 300, appium:deviceScreenSize: 720x1600, appium:deviceUDID: RZCRC0B2WHM, appium:disableSuppressAccessibilityService: true, appium:javascriptEnabled: true, appium:locationContextEnabled: false, appium:nativeWebScreenshot: true, appium:networkConnectionEnabled: true, appium:newCommandTimeout: 0, appium:optimalHubUrl: hub-aps.browserstack.com, appium:pixelRatio: 1.875, appium:platformVersion: 11, appium:skipServerInstallation: true, appium:statBarHeight: 45, appium:systemPort: 8203, appium:takesScreenshot: true, appium:udid: RZCRC0B2WHM, appium:viewportRect: {height: 1420, left: 0, top: 45, width: 720}, appium:warnings: {}, appium:webStorageEnabled: false, bstack:options: {appiumVersion: 1.17.0, buildIdentifier: #67, hostName: INHYNMKORUKON01, localIdentifier: 09_11_1614_INHYNMKORUKON01_...}, goog:chromeOptions: {}, platformName: Android}
Session ID: a62053e7066f138210578678c40c0f91addc72ea]]>
            </message>
            <full-stacktrace>
              <![CDATA[org.openqa.selenium.TimeoutException: Expected condition failed: waiting for visibility of element located by By.id: com.infor.hl.xm.dev:id/user_profile_img (tried for 120 second(s) with 500 milliseconds interval)
Build info: version: '4.1.2', revision: '9a5a329c5a'
System info: host: 'INHYNMKORUKON01', ip: '192.168.0.103', os.name: 'Windows 10', os.arch: 'amd64', os.version: '10.0', java.version: '1.8.0_252'
Driver info: io.appium.java_client.AppiumDriver
Capabilities {appium:appActivity: com.infor.hl.xm.ui.navigati..., appium:appPackage: com.infor.hl.xm.dev, appium:automationName: uiautomator2, appium:chromedriverPort: 8083, appium:chromedriverPorts: [[18133, 18143]], appium:databaseEnabled: false, appium:desired: {appActivity: com.infor.hl.xm.ui.navigati..., appPackage: com.infor.hl.xm.dev, automationName: uiautomator2, bstack:options: {appiumVersion: 1.17.0, buildIdentifier: #67, hostName: INHYNMKORUKON01, localIdentifier: 09_11_1614_INHYNMKORUKON01_...}, chromedriverPort: 8083, chromedriverPorts: [[18133, 18143]], deviceName: Android, disableSuppressAccessibilityService: true, goog:chromeOptions: {}, nativeWebScreenshot: true, newCommandTimeout: 0, platformName: Android, skipServerInstallation: true, systemPort: 8203, udid: RZCRC0B2WHM}, appium:deviceApiLevel: 30, appium:deviceManufacturer: samsung, appium:deviceModel: SM-M326B, appium:deviceName: RZCRC0B2WHM, appium:deviceScreenDensity: 300, appium:deviceScreenSize: 720x1600, appium:deviceUDID: RZCRC0B2WHM, appium:disableSuppressAccessibilityService: true, appium:javascriptEnabled: true, appium:locationContextEnabled: false, appium:nativeWebScreenshot: true, appium:networkConnectionEnabled: true, appium:newCommandTimeout: 0, appium:optimalHubUrl: hub-aps.browserstack.com, appium:pixelRatio: 1.875, appium:platformVersion: 11, appium:skipServerInstallation: true, appium:statBarHeight: 45, appium:systemPort: 8203, appium:takesScreenshot: true, appium:udid: RZCRC0B2WHM, appium:viewportRect: {height: 1420, left: 0, top: 45, width: 720}, appium:warnings: {}, appium:webStorageEnabled: false, bstack:options: {appiumVersion: 1.17.0, buildIdentifier: #67, hostName: INHYNMKORUKON01, localIdentifier: 09_11_1614_INHYNMKORUKON01_...}, goog:chromeOptions: {}, platformName: Android}
Session ID: a62053e7066f138210578678c40c0f91addc72ea
at org.openqa.selenium.support.ui.WebDriverWait.timeoutException(WebDriverWait.java:138)
at org.openqa.selenium.support.ui.FluentWait.until(FluentWait.java:231)
at tests.CreateExpense.dotest(CreateExpense.java:92)
at sun.reflect.NativeMethodAccessorImpl.invoke0(Native Method)
at sun.reflect.NativeMethodAccessorImpl.invoke(NativeMethodAccessorImpl.java:62)
at sun.reflect.DelegatingMethodAccessorImpl.invoke(DelegatingMethodAccessorImpl.java:43)
at java.lang.reflect.Method.invoke(Method.java:498)
at org.testng.internal.invokers.MethodInvocationHelper.invokeMethod(MethodInvocationHelper.java:135)
at org.testng.internal.invokers.TestInvoker.invokeMethod(TestInvoker.java:673)
at org.testng.internal.invokers.TestInvoker.invokeTestMethod(TestInvoker.java:220)
at org.testng.internal.invokers.MethodRunner.runInSequence(MethodRunner.java:50)
at org.testng.internal.invokers.TestInvoker$MethodInvocationAgent.invoke(TestInvoker.java:945)
at org.testng.internal.invokers.TestInvoker.invokeTestMethods(TestInvoker.java:193)
at org.testng.internal.invokers.TestMethodWorker.invokeTestMethods(TestMethodWorker.java:146)
at org.testng.internal.invokers.TestMethodWorker.run(TestMethodWorker.java:128)
at java.util.concurrent.ThreadPoolExecutor.runWorker(ThreadPoolExecutor.java:1149)
at java.util.concurrent.ThreadPoolExecutor$Worker.run(ThreadPoolExecutor.java:624)
at java.lang.Thread.run(Thread.java:748)
]]>
            </full-stacktrace>
          </exception> <!-- org.openqa.selenium.TimeoutException -->
          <reporter-output>
          </reporter-output>
        </test-method> <!-- dotest -->
        <test-method status="PASS" signature="teardown()[pri:0, instance:tests.CreateExpense@a8e6492]" name="teardown" is-config="true" duration-ms="1535" started-at="2023-11-09T16:18:27 IST" finished-at="2023-11-09T16:18:28 IST">
          <reporter-output>
          </reporter-output>
        </test-method> <!-- teardown -->
      </class> <!-- tests.CreateExpense -->
    </test> <!-- BStackDemo 1-3 -->
  </suite> <!-- Suite -->
</testng-results>
